# JRE version: Java(TM) SE Runtime Environment (8.0_441) (build 1.8.0_441-b07)
# Java VM: Java HotSpot(TM) 64-Bit Server VM (25.441-b07 mixed mode windows-amd64 compressed oops)
Heap:
 PSYoungGen      total 1211392K, used 1076555K [0x0000000716380000, 0x0000000765e00000, 0x00000007c0000000)
  eden space 1139200K, 93% used [0x0000000716380000,0x00000007577c8750,0x000000075bc00000)
  from space 72192K, 9% used [0x0000000761780000,0x0000000761e8a520,0x0000000765e00000)
  to   space 82944K, 0% used [0x000000075bc00000,0x000000075bc00000,0x0000000760d00000)
 ParOldGen       total 289792K, used 203035K [0x00000005c2a00000, 0x00000005d4500000, 0x0000000716380000)
  object space 289792K, 70% used [0x00000005c2a00000,0x00000005cf046e60,0x00000005d4500000)
 Metaspace       used 43309K, capacity 44552K, committed 44800K, reserved 1089536K
  class space    used 4939K, capacity 5250K, committed 5376K, reserved 1048576K
GC Heap History (10 events):
Event: 31.590 GC heap before
{Heap before GC invocations=12 (full 2):
 PSYoungGen      total 566272K, used 566260K [0x0000000716380000, 0x000000074e300000, 0x00000007c0000000)
  eden space 522752K, 100% used [0x0000000716380000,0x0000000736200000,0x0000000736200000)
  from space 43520K, 99% used [0x0000000736200000,0x0000000738c7d2c8,0x0000000738c80000)
  to   space 61952K, 0% used [0x000000074a680000,0x000000074a680000,0x000000074e300000)
 ParOldGen       total 289792K, used 96621K [0x00000005c2a00000, 0x00000005d4500000, 0x0000000716380000)
  object space 289792K, 33% used [0x00000005c2a00000,0x00000005c885b7d8,0x00000005d4500000)
 Metaspace       used 41654K, capacity 42832K, committed 43008K, reserved 1087488K
  class space    used 4745K, capacity 5041K, committed 5120K, reserved 1048576K
Event: 31.632 GC heap after
Heap after GC invocations=12 (full 2):
 PSYoungGen      total 832000K, used 61940K [0x0000000716380000, 0x0000000750680000, 0x00000007c0000000)
  eden space 770048K, 0% used [0x0000000716380000,0x0000000716380000,0x0000000745380000)
  from space 61952K, 99% used [0x000000074a680000,0x000000074e2fd318,0x000000074e300000)
  to   space 84992K, 0% used [0x0000000745380000,0x0000000745380000,0x000000074a680000)
 ParOldGen       total 289792K, used 136423K [0x00000005c2a00000, 0x00000005d4500000, 0x0000000716380000)
  object space 289792K, 47% used [0x00000005c2a00000,0x00000005caf39de8,0x00000005d4500000)
 Metaspace       used 41654K, capacity 42832K, committed 43008K, reserved 1087488K
  class space    used 4745K, capacity 5041K, committed 5120K, reserved 1048576K
}
Event: 31.827 GC heap before
{Heap before GC invocations=13 (full 2):
 PSYoungGen      total 832000K, used 831988K [0x0000000716380000, 0x0000000750680000, 0x00000007c0000000)
  eden space 770048K, 100% used [0x0000000716380000,0x0000000745380000,0x0000000745380000)
  from space 61952K, 99% used [0x000000074a680000,0x000000074e2fd318,0x000000074e300000)
  to   space 84992K, 0% used [0x0000000745380000,0x0000000745380000,0x000000074a680000)
 ParOldGen       total 289792K, used 136423K [0x00000005c2a00000, 0x00000005d4500000, 0x0000000716380000)
  object space 289792K, 47% used [0x00000005c2a00000,0x00000005caf39de8,0x00000005d4500000)
 Metaspace       used 41655K, capacity 42832K, committed 43008K, reserved 1087488K
  class space    used 4745K, capacity 5041K, committed 5120K, reserved 1048576K
Event: 31.846 GC heap after
Heap after GC invocations=13 (full 2):
 PSYoungGen      total 855040K, used 320K [0x0000000716380000, 0x0000000750680000, 0x00000007c0000000)
  eden space 770048K, 0% used [0x0000000716380000,0x0000000716380000,0x0000000745380000)
  from space 84992K, 0% used [0x0000000745380000,0x00000007453d0000,0x000000074a680000)
  to   space 61952K, 0% used [0x000000074a680000,0x000000074a680000,0x000000074e300000)
 ParOldGen       total 289792K, used 198163K [0x00000005c2a00000, 0x00000005d4500000, 0x0000000716380000)
  object space 289792K, 68% used [0x00000005c2a00000,0x00000005ceb84e50,0x00000005d4500000)
 Metaspace       used 41655K, capacity 42832K, committed 43008K, reserved 1087488K
  class space    used 4745K, capacity 5041K, committed 5120K, reserved 1048576K
}
Event: 31.984 GC heap before
{Heap before GC invocations=14 (full 2):
 PSYoungGen      total 855040K, used 770368K [0x0000000716380000, 0x0000000750680000, 0x00000007c0000000)
  eden space 770048K, 100% used [0x0000000716380000,0x0000000745380000,0x0000000745380000)
  from space 84992K, 0% used [0x0000000745380000,0x00000007453d0000,0x000000074a680000)
  to   space 61952K, 0% used [0x000000074a680000,0x000000074a680000,0x000000074e300000)
 ParOldGen       total 289792K, used 198163K [0x00000005c2a00000, 0x00000005d4500000, 0x0000000716380000)
  object space 289792K, 68% used [0x00000005c2a00000,0x00000005ceb84e50,0x00000005d4500000)
 Metaspace       used 41655K, capacity 42832K, committed 43008K, reserved 1087488K
  class space    used 4745K, capacity 5041K, committed 5120K, reserved 1048576K
Event: 31.986 GC heap after
Heap after GC invocations=14 (full 2):
 PSYoungGen      total 832000K, used 736K [0x0000000716380000, 0x0000000750680000, 0x00000007c0000000)
  eden space 770048K, 0% used [0x0000000716380000,0x0000000716380000,0x0000000745380000)
  from space 61952K, 1% used [0x000000074a680000,0x000000074a738000,0x000000074e300000)
  to   space 84992K, 0% used [0x0000000745380000,0x0000000745380000,0x000000074a680000)
 ParOldGen       total 289792K, used 198171K [0x00000005c2a00000, 0x00000005d4500000, 0x0000000716380000)
  object space 289792K, 68% used [0x00000005c2a00000,0x00000005ceb86e50,0x00000005d4500000)
 Metaspace       used 41655K, capacity 42832K, committed 43008K, reserved 1087488K
  class space    used 4745K, capacity 5041K, committed 5120K, reserved 1048576K
}
Event: 32.130 GC heap before
{Heap before GC invocations=15 (full 2):
 PSYoungGen      total 832000K, used 770784K [0x0000000716380000, 0x0000000750680000, 0x00000007c0000000)
  eden space 770048K, 100% used [0x0000000716380000,0x0000000745380000,0x0000000745380000)
  from space 61952K, 1% used [0x000000074a680000,0x000000074a738000,0x000000074e300000)
  to   space 84992K, 0% used [0x0000000745380000,0x0000000745380000,0x000000074a680000)
 ParOldGen       total 289792K, used 198171K [0x00000005c2a00000, 0x00000005d4500000, 0x0000000716380000)
  object space 289792K, 68% used [0x00000005c2a00000,0x00000005ceb86e50,0x00000005d4500000)
 Metaspace       used 41655K, capacity 42832K, committed 43008K, reserved 1087488K
  class space    used 4745K, capacity 5041K, committed 5120K, reserved 1048576K
Event: 32.133 GC heap after
Heap after GC invocations=15 (full 2):
 PSYoungGen      total 855040K, used 7136K [0x0000000716380000, 0x0000000766a80000, 0x00000007c0000000)
  eden space 770048K, 0% used [0x0000000716380000,0x0000000716380000,0x0000000745380000)
  from space 84992K, 8% used [0x0000000745380000,0x0000000745a78030,0x000000074a680000)
  to   space 84992K, 0% used [0x0000000761780000,0x0000000761780000,0x0000000766a80000)
 ParOldGen       total 289792K, used 198171K [0x00000005c2a00000, 0x00000005d4500000, 0x0000000716380000)
  object space 289792K, 68% used [0x00000005c2a00000,0x00000005ceb86e50,0x00000005d4500000)
 Metaspace       used 41655K, capacity 42832K, committed 43008K, reserved 1087488K
  class space    used 4745K, capacity 5041K, committed 5120K, reserved 1048576K
}
Event: 32.297 GC heap before
{Heap before GC invocations=16 (full 2):
 PSYoungGen      total 855040K, used 777184K [0x0000000716380000, 0x0000000766a80000, 0x00000007c0000000)
  eden space 770048K, 100% used [0x0000000716380000,0x0000000745380000,0x0000000745380000)
  from space 84992K, 8% used [0x0000000745380000,0x0000000745a78030,0x000000074a680000)
  to   space 84992K, 0% used [0x0000000761780000,0x0000000761780000,0x0000000766a80000)
 ParOldGen       total 289792K, used 198171K [0x00000005c2a00000, 0x00000005d4500000, 0x0000000716380000)
  object space 289792K, 68% used [0x00000005c2a00000,0x00000005ceb86e50,0x00000005d4500000)
 Metaspace       used 41655K, capacity 42832K, committed 43008K, reserved 1087488K
  class space    used 4745K, capacity 5041K, committed 5120K, reserved 1048576K
Event: 32.301 GC heap after
Heap after GC invocations=16 (full 2):
 PSYoungGen      total 1211392K, used 7209K [0x0000000716380000, 0x0000000765e00000, 0x00000007c0000000)
  eden space 1139200K, 0% used [0x0000000716380000,0x0000000716380000,0x000000075bc00000)
  from space 72192K, 9% used [0x0000000761780000,0x0000000761e8a520,0x0000000765e00000)
  to   space 82944K, 0% used [0x000000075bc00000,0x000000075bc00000,0x0000000760d00000)
 ParOldGen       total 289792K, used 203035K [0x00000005c2a00000, 0x00000005d4500000, 0x0000000716380000)
  object space 289792K, 70% used [0x00000005c2a00000,0x00000005cf046e60,0x00000005d4500000)
 Metaspace       used 41655K, capacity 42832K, committed 43008K, reserved 1087488K
  class space    used 4745K, capacity 5041K, committed 5120K, reserved 1048576K
}

