# JRE version: Java(TM) SE Runtime Environment (8.0_441) (build 1.8.0_441-b07)
# Java VM: Java HotSpot(TM) 64-Bit Server VM (25.441-b07 mixed mode windows-amd64 compressed oops)
Heap:
 PSYoungGen      total 1216512K, used 224138K [0x0000000716380000, 0x0000000783080000, 0x00000007c0000000)
  eden space 1155584K, 18% used [0x0000000716380000,0x0000000722efa348,0x000000075cc00000)
  from space 60928K, 25% used [0x0000000761080000,0x0000000761fe85c8,0x0000000764c00000)
  to   space 70144K, 0% used [0x000000075cc00000,0x000000075cc00000,0x0000000761080000)
 ParOldGen       total 301568K, used 172209K [0x00000005c2a00000, 0x00000005d5080000, 0x0000000716380000)
  object space 301568K, 57% used [0x00000005c2a00000,0x00000005cd22c588,0x00000005d5080000)
 Metaspace       used 43397K, capacity 44686K, committed 45056K, reserved 1089536K
  class space    used 4940K, capacity 5251K, committed 5376K, reserved 1048576K
GC Heap History (10 events):
Event: 28.898 GC heap before
{Heap before GC invocations=12 (full 2):
 PSYoungGen      total 584704K, used 584702K [0x0000000716380000, 0x000000074da80000, 0x00000007c0000000)
  eden space 541184K, 100% used [0x0000000716380000,0x0000000737400000,0x0000000737400000)
  from space 43520K, 99% used [0x0000000737400000,0x0000000739e7f890,0x0000000739e80000)
  to   space 63488K, 0% used [0x0000000749c80000,0x0000000749c80000,0x000000074da80000)
 ParOldGen       total 301568K, used 105201K [0x00000005c2a00000, 0x00000005d5080000, 0x0000000716380000)
  object space 301568K, 34% used [0x00000005c2a00000,0x00000005c90bc5d8,0x00000005d5080000)
 Metaspace       used 41675K, capacity 42832K, committed 43008K, reserved 1087488K
  class space    used 4746K, capacity 5041K, committed 5120K, reserved 1048576K
Event: 28.926 GC heap after
Heap after GC invocations=12 (full 2):
 PSYoungGen      total 837120K, used 60404K [0x0000000716380000, 0x000000074e480000, 0x00000007c0000000)
  eden space 773632K, 0% used [0x0000000716380000,0x0000000716380000,0x0000000745700000)
  from space 63488K, 95% used [0x0000000749c80000,0x000000074d77d3d0,0x000000074da80000)
  to   space 71168K, 0% used [0x0000000745700000,0x0000000745700000,0x0000000749c80000)
 ParOldGen       total 301568K, used 120919K [0x00000005c2a00000, 0x00000005d5080000, 0x0000000716380000)
  object space 301568K, 40% used [0x00000005c2a00000,0x00000005ca015f48,0x00000005d5080000)
 Metaspace       used 41675K, capacity 42832K, committed 43008K, reserved 1087488K
  class space    used 4746K, capacity 5041K, committed 5120K, reserved 1048576K
}
Event: 29.094 GC heap before
{Heap before GC invocations=13 (full 2):
 PSYoungGen      total 837120K, used 834036K [0x0000000716380000, 0x000000074e480000, 0x00000007c0000000)
  eden space 773632K, 100% used [0x0000000716380000,0x0000000745700000,0x0000000745700000)
  from space 63488K, 95% used [0x0000000749c80000,0x000000074d77d3d0,0x000000074da80000)
  to   space 71168K, 0% used [0x0000000745700000,0x0000000745700000,0x0000000749c80000)
 ParOldGen       total 301568K, used 120919K [0x00000005c2a00000, 0x00000005d5080000, 0x0000000716380000)
  object space 301568K, 40% used [0x00000005c2a00000,0x00000005ca015f48,0x00000005d5080000)
 Metaspace       used 41675K, capacity 42832K, committed 43008K, reserved 1087488K
  class space    used 4746K, capacity 5041K, committed 5120K, reserved 1048576K
Event: 29.108 GC heap after
Heap after GC invocations=13 (full 2):
 PSYoungGen      total 844800K, used 480K [0x0000000716380000, 0x0000000765800000, 0x00000007c0000000)
  eden space 773632K, 0% used [0x0000000716380000,0x0000000716380000,0x0000000745700000)
  from space 71168K, 0% used [0x0000000745700000,0x0000000745778000,0x0000000749c80000)
  to   space 73216K, 0% used [0x0000000761080000,0x0000000761080000,0x0000000765800000)
 ParOldGen       total 301568K, used 167270K [0x00000005c2a00000, 0x00000005d5080000, 0x0000000716380000)
  object space 301568K, 55% used [0x00000005c2a00000,0x00000005ccd59a20,0x00000005d5080000)
 Metaspace       used 41675K, capacity 42832K, committed 43008K, reserved 1087488K
  class space    used 4746K, capacity 5041K, committed 5120K, reserved 1048576K
}
Event: 29.247 GC heap before
{Heap before GC invocations=14 (full 2):
 PSYoungGen      total 844800K, used 774112K [0x0000000716380000, 0x0000000765800000, 0x00000007c0000000)
  eden space 773632K, 100% used [0x0000000716380000,0x0000000745700000,0x0000000745700000)
  from space 71168K, 0% used [0x0000000745700000,0x0000000745778000,0x0000000749c80000)
  to   space 73216K, 0% used [0x0000000761080000,0x0000000761080000,0x0000000765800000)
 ParOldGen       total 301568K, used 167270K [0x00000005c2a00000, 0x00000005d5080000, 0x0000000716380000)
  object space 301568K, 55% used [0x00000005c2a00000,0x00000005ccd59a20,0x00000005d5080000)
 Metaspace       used 41675K, capacity 42832K, committed 43008K, reserved 1087488K
  class space    used 4746K, capacity 5041K, committed 5120K, reserved 1048576K
Event: 29.248 GC heap after
Heap after GC invocations=14 (full 2):
 PSYoungGen      total 1199104K, used 480K [0x0000000716380000, 0x0000000764c00000, 0x00000007c0000000)
  eden space 1138176K, 0% used [0x0000000716380000,0x0000000716380000,0x000000075bb00000)
  from space 60928K, 0% used [0x0000000761080000,0x00000007610f8000,0x0000000764c00000)
  to   space 74240K, 0% used [0x000000075bb00000,0x000000075bb00000,0x0000000760380000)
 ParOldGen       total 301568K, used 167270K [0x00000005c2a00000, 0x00000005d5080000, 0x0000000716380000)
  object space 301568K, 55% used [0x00000005c2a00000,0x00000005ccd59a20,0x00000005d5080000)
 Metaspace       used 41675K, capacity 42832K, committed 43008K, reserved 1087488K
  class space    used 4746K, capacity 5041K, committed 5120K, reserved 1048576K
}
Event: 29.542 GC heap before
{Heap before GC invocations=15 (full 2):
 PSYoungGen      total 1199104K, used 1138656K [0x0000000716380000, 0x0000000764c00000, 0x00000007c0000000)
  eden space 1138176K, 100% used [0x0000000716380000,0x000000075bb00000,0x000000075bb00000)
  from space 60928K, 0% used [0x0000000761080000,0x00000007610f8000,0x0000000764c00000)
  to   space 74240K, 0% used [0x000000075bb00000,0x000000075bb00000,0x0000000760380000)
 ParOldGen       total 301568K, used 167270K [0x00000005c2a00000, 0x00000005d5080000, 0x0000000716380000)
  object space 301568K, 55% used [0x00000005c2a00000,0x00000005ccd59a20,0x00000005d5080000)
 Metaspace       used 41675K, capacity 42832K, committed 43008K, reserved 1087488K
  class space    used 4746K, capacity 5041K, committed 5120K, reserved 1048576K
Event: 29.546 GC heap after
Heap after GC invocations=15 (full 2):
 PSYoungGen      total 1212416K, used 7492K [0x0000000716380000, 0x0000000764c00000, 0x00000007c0000000)
  eden space 1138176K, 0% used [0x0000000716380000,0x0000000716380000,0x000000075bb00000)
  from space 74240K, 10% used [0x000000075bb00000,0x000000075c2512a8,0x0000000760380000)
  to   space 60928K, 0% used [0x0000000761080000,0x0000000761080000,0x0000000764c00000)
 ParOldGen       total 301568K, used 167270K [0x00000005c2a00000, 0x00000005d5080000, 0x0000000716380000)
  object space 301568K, 55% used [0x00000005c2a00000,0x00000005ccd59a20,0x00000005d5080000)
 Metaspace       used 41675K, capacity 42832K, committed 43008K, reserved 1087488K
  class space    used 4746K, capacity 5041K, committed 5120K, reserved 1048576K
}
Event: 30.172 GC heap before
{Heap before GC invocations=16 (full 2):
 PSYoungGen      total 1212416K, used 1145668K [0x0000000716380000, 0x0000000764c00000, 0x00000007c0000000)
  eden space 1138176K, 100% used [0x0000000716380000,0x000000075bb00000,0x000000075bb00000)
  from space 74240K, 10% used [0x000000075bb00000,0x000000075c2512a8,0x0000000760380000)
  to   space 60928K, 0% used [0x0000000761080000,0x0000000761080000,0x0000000764c00000)
 ParOldGen       total 301568K, used 167270K [0x00000005c2a00000, 0x00000005d5080000, 0x0000000716380000)
  object space 301568K, 55% used [0x00000005c2a00000,0x00000005ccd59a20,0x00000005d5080000)
 Metaspace       used 41779K, capacity 42996K, committed 43264K, reserved 1087488K
  class space    used 4756K, capacity 5053K, committed 5120K, reserved 1048576K
Event: 30.181 GC heap after
Heap after GC invocations=16 (full 2):
 PSYoungGen      total 1216512K, used 15777K [0x0000000716380000, 0x0000000783080000, 0x00000007c0000000)
  eden space 1155584K, 0% used [0x0000000716380000,0x0000000716380000,0x000000075cc00000)
  from space 60928K, 25% used [0x0000000761080000,0x0000000761fe85c8,0x0000000764c00000)
  to   space 70144K, 0% used [0x000000075cc00000,0x000000075cc00000,0x0000000761080000)
 ParOldGen       total 301568K, used 172209K [0x00000005c2a00000, 0x00000005d5080000, 0x0000000716380000)
  object space 301568K, 57% used [0x00000005c2a00000,0x00000005cd22c588,0x00000005d5080000)
 Metaspace       used 41779K, capacity 42996K, committed 43264K, reserved 1087488K
  class space    used 4756K, capacity 5053K, committed 5120K, reserved 1048576K
}

