# JRE version: Java(TM) SE Runtime Environment (8.0_441) (build 1.8.0_441-b07)
# Java VM: Java HotSpot(TM) 64-Bit Server VM (25.441-b07 mixed mode windows-amd64 compressed oops)
Heap:
 PSYoungGen      total 314368K, used 44584K [0x0000000716380000, 0x000000072e700000, 0x00000007c0000000)
  eden space 271360K, 11% used [0x0000000716380000,0x00000007183274c0,0x0000000726c80000)
  from space 43008K, 28% used [0x0000000729600000,0x000000072a1e2c38,0x000000072c000000)
  to   space 42496K, 0% used [0x0000000726c80000,0x0000000726c80000,0x0000000729600000)
 ParOldGen       total 293376K, used 65193K [0x00000005c2a00000, 0x00000005d4880000, 0x0000000716380000)
  object space 293376K, 22% used [0x00000005c2a00000,0x00000005c69aa4f0,0x00000005d4880000)
 Metaspace       used 35956K, capacity 36876K, committed 37032K, reserved 1081344K
  class space    used 4098K, capacity 4349K, committed 4352K, reserved 1048576K
GC Heap History (10 events):
Event: 14.982 GC heap before
{Heap before GC invocations=6 (full 1):
 PSYoungGen      total 204288K, used 204274K [0x0000000716380000, 0x0000000724600000, 0x00000007c0000000)
  eden space 182784K, 100% used [0x0000000716380000,0x0000000721600000,0x0000000721600000)
  from space 21504K, 99% used [0x0000000723100000,0x00000007245fc9b0,0x0000000724600000)
  to   space 21504K, 0% used [0x0000000721c00000,0x0000000721c00000,0x0000000723100000)
 ParOldGen       total 210432K, used 21606K [0x00000005c2a00000, 0x00000005cf780000, 0x0000000716380000)
  object space 210432K, 10% used [0x00000005c2a00000,0x00000005c3f19b78,0x00000005cf780000)
 Metaspace       used 34209K, capacity 35150K, committed 35328K, reserved 1081344K
  class space    used 3980K, capacity 4248K, committed 4352K, reserved 1048576K
Event: 14.999 GC heap after
Heap after GC invocations=6 (full 1):
 PSYoungGen      total 210432K, used 21487K [0x0000000716380000, 0x000000072c000000, 0x00000007c0000000)
  eden space 188928K, 0% used [0x0000000716380000,0x0000000716380000,0x0000000721c00000)
  from space 21504K, 99% used [0x0000000721c00000,0x00000007230fbc30,0x0000000723100000)
  to   space 43008K, 0% used [0x0000000729600000,0x0000000729600000,0x000000072c000000)
 ParOldGen       total 210432K, used 45725K [0x00000005c2a00000, 0x00000005cf780000, 0x0000000716380000)
  object space 210432K, 21% used [0x00000005c2a00000,0x00000005c56a7740,0x00000005cf780000)
 Metaspace       used 34209K, capacity 35150K, committed 35328K, reserved 1081344K
  class space    used 3980K, capacity 4248K, committed 4352K, reserved 1048576K
}
Event: 15.300 GC heap before
{Heap before GC invocations=7 (full 1):
 PSYoungGen      total 210432K, used 210415K [0x0000000716380000, 0x000000072c000000, 0x00000007c0000000)
  eden space 188928K, 100% used [0x0000000716380000,0x0000000721c00000,0x0000000721c00000)
  from space 21504K, 99% used [0x0000000721c00000,0x00000007230fbc30,0x0000000723100000)
  to   space 43008K, 0% used [0x0000000729600000,0x0000000729600000,0x000000072c000000)
 ParOldGen       total 210432K, used 45725K [0x00000005c2a00000, 0x00000005cf780000, 0x0000000716380000)
  object space 210432K, 21% used [0x00000005c2a00000,0x00000005c56a7740,0x00000005cf780000)
 Metaspace       used 34436K, capacity 35378K, committed 35496K, reserved 1081344K
  class space    used 3987K, capacity 4254K, committed 4352K, reserved 1048576K
Event: 15.316 GC heap after
Heap after GC invocations=7 (full 1):
 PSYoungGen      total 314368K, used 29291K [0x0000000716380000, 0x000000072e700000, 0x00000007c0000000)
  eden space 271360K, 0% used [0x0000000716380000,0x0000000716380000,0x0000000726c80000)
  from space 43008K, 68% used [0x0000000729600000,0x000000072b29ae58,0x000000072c000000)
  to   space 42496K, 0% used [0x0000000726c80000,0x0000000726c80000,0x0000000729600000)
 ParOldGen       total 210432K, used 45733K [0x00000005c2a00000, 0x00000005cf780000, 0x0000000716380000)
  object space 210432K, 21% used [0x00000005c2a00000,0x00000005c56a9740,0x00000005cf780000)
 Metaspace       used 34436K, capacity 35378K, committed 35496K, reserved 1081344K
  class space    used 3987K, capacity 4254K, committed 4352K, reserved 1048576K
}
Event: 15.343 GC heap before
{Heap before GC invocations=8 (full 1):
 PSYoungGen      total 314368K, used 40414K [0x0000000716380000, 0x000000072e700000, 0x00000007c0000000)
  eden space 271360K, 4% used [0x0000000716380000,0x0000000716e5cb70,0x0000000726c80000)
  from space 43008K, 68% used [0x0000000729600000,0x000000072b29ae58,0x000000072c000000)
  to   space 42496K, 0% used [0x0000000726c80000,0x0000000726c80000,0x0000000729600000)
 ParOldGen       total 210432K, used 45733K [0x00000005c2a00000, 0x00000005cf780000, 0x0000000716380000)
  object space 210432K, 21% used [0x00000005c2a00000,0x00000005c56a9740,0x00000005cf780000)
 Metaspace       used 34456K, capacity 35378K, committed 35496K, reserved 1081344K
  class space    used 3987K, capacity 4254K, committed 4352K, reserved 1048576K
Event: 15.356 GC heap after
Heap after GC invocations=8 (full 1):
 PSYoungGen      total 313856K, used 30935K [0x0000000716380000, 0x000000072e700000, 0x00000007c0000000)
  eden space 271360K, 0% used [0x0000000716380000,0x0000000716380000,0x0000000726c80000)
  from space 42496K, 72% used [0x0000000726c80000,0x0000000728ab5fd8,0x0000000729600000)
  to   space 43008K, 0% used [0x0000000729600000,0x0000000729600000,0x000000072c000000)
 ParOldGen       total 210432K, used 45741K [0x00000005c2a00000, 0x00000005cf780000, 0x0000000716380000)
  object space 210432K, 21% used [0x00000005c2a00000,0x00000005c56ab740,0x00000005cf780000)
 Metaspace       used 34456K, capacity 35378K, committed 35496K, reserved 1081344K
  class space    used 3987K, capacity 4254K, committed 4352K, reserved 1048576K
}
Event: 15.356 GC heap before
{Heap before GC invocations=9 (full 2):
 PSYoungGen      total 313856K, used 30935K [0x0000000716380000, 0x000000072e700000, 0x00000007c0000000)
  eden space 271360K, 0% used [0x0000000716380000,0x0000000716380000,0x0000000726c80000)
  from space 42496K, 72% used [0x0000000726c80000,0x0000000728ab5fd8,0x0000000729600000)
  to   space 43008K, 0% used [0x0000000729600000,0x0000000729600000,0x000000072c000000)
 ParOldGen       total 210432K, used 45741K [0x00000005c2a00000, 0x00000005cf780000, 0x0000000716380000)
  object space 210432K, 21% used [0x00000005c2a00000,0x00000005c56ab740,0x00000005cf780000)
 Metaspace       used 34456K, capacity 35378K, committed 35496K, reserved 1081344K
  class space    used 3987K, capacity 4254K, committed 4352K, reserved 1048576K
Event: 15.446 GC heap after
Heap after GC invocations=9 (full 2):
 PSYoungGen      total 313856K, used 0K [0x0000000716380000, 0x000000072e700000, 0x00000007c0000000)
  eden space 271360K, 0% used [0x0000000716380000,0x0000000716380000,0x0000000726c80000)
  from space 42496K, 0% used [0x0000000726c80000,0x0000000726c80000,0x0000000729600000)
  to   space 43008K, 0% used [0x0000000729600000,0x0000000729600000,0x000000072c000000)
 ParOldGen       total 293376K, used 65185K [0x00000005c2a00000, 0x00000005d4880000, 0x0000000716380000)
  object space 293376K, 22% used [0x00000005c2a00000,0x00000005c69a84f0,0x00000005d4880000)
 Metaspace       used 34452K, capacity 35372K, committed 35496K, reserved 1081344K
  class space    used 3987K, capacity 4253K, committed 4352K, reserved 1048576K
}
Event: 16.111 GC heap before
{Heap before GC invocations=10 (full 2):
 PSYoungGen      total 313856K, used 271360K [0x0000000716380000, 0x000000072e700000, 0x00000007c0000000)
  eden space 271360K, 100% used [0x0000000716380000,0x0000000726c80000,0x0000000726c80000)
  from space 42496K, 0% used [0x0000000726c80000,0x0000000726c80000,0x0000000729600000)
  to   space 43008K, 0% used [0x0000000729600000,0x0000000729600000,0x000000072c000000)
 ParOldGen       total 293376K, used 65185K [0x00000005c2a00000, 0x00000005d4880000, 0x0000000716380000)
  object space 293376K, 22% used [0x00000005c2a00000,0x00000005c69a84f0,0x00000005d4880000)
 Metaspace       used 35875K, capacity 36812K, committed 37032K, reserved 1081344K
  class space    used 4096K, capacity 4349K, committed 4352K, reserved 1048576K
Event: 16.117 GC heap after
Heap after GC invocations=10 (full 2):
 PSYoungGen      total 314368K, used 12171K [0x0000000716380000, 0x000000072e700000, 0x00000007c0000000)
  eden space 271360K, 0% used [0x0000000716380000,0x0000000716380000,0x0000000726c80000)
  from space 43008K, 28% used [0x0000000729600000,0x000000072a1e2c38,0x000000072c000000)
  to   space 42496K, 0% used [0x0000000726c80000,0x0000000726c80000,0x0000000729600000)
 ParOldGen       total 293376K, used 65193K [0x00000005c2a00000, 0x00000005d4880000, 0x0000000716380000)
  object space 293376K, 22% used [0x00000005c2a00000,0x00000005c69aa4f0,0x00000005d4880000)
 Metaspace       used 35875K, capacity 36812K, committed 37032K, reserved 1081344K
  class space    used 4096K, capacity 4349K, committed 4352K, reserved 1048576K
}

